0 info it worked if it ends with ok
1 verbose cli [ 'node', '/usr/local/bin/npm', 'install', 'nib' ]
2 info using npm@1.4.14
3 info using node@v0.10.29
4 verbose cache add [ 'nib', null ]
5 verbose cache add name=undefined spec="nib" args=["nib",null]
6 verbose parsed url { protocol: null,
6 verbose parsed url   slashes: null,
6 verbose parsed url   auth: null,
6 verbose parsed url   host: null,
6 verbose parsed url   port: null,
6 verbose parsed url   hostname: null,
6 verbose parsed url   hash: null,
6 verbose parsed url   search: null,
6 verbose parsed url   query: null,
6 verbose parsed url   pathname: 'nib',
6 verbose parsed url   path: 'nib',
6 verbose parsed url   href: 'nib' }
7 silly lockFile ae909a05-nib nib
8 verbose lock nib /Users/DAC/.npm/ae909a05-nib.lock
9 silly lockFile ae909a05-nib nib
10 silly lockFile ae909a05-nib nib
11 verbose addNamed [ 'nib', '' ]
12 verbose addNamed [ null, '*' ]
13 silly lockFile 30a48e40-nib nib@
14 verbose lock nib@ /Users/DAC/.npm/30a48e40-nib.lock
15 silly addNameRange { name: 'nib', range: '*', hasData: false }
16 verbose url raw nib
17 verbose url resolving [ 'https://registry.npmjs.org/', './nib' ]
18 verbose url resolved https://registry.npmjs.org/nib
19 info trying registry request attempt 1 at 23:40:50
20 verbose etag "AQKGWFKNRZ3M1NFSEJ6UZTCOF"
21 http GET https://registry.npmjs.org/nib
22 http 304 https://registry.npmjs.org/nib
23 silly registry.get cb [ 304,
23 silly registry.get   { date: 'Fri, 04 Jul 2014 21:40:50 GMT',
23 silly registry.get     server: 'Apache',
23 silly registry.get     via: '1.1 varnish',
23 silly registry.get     'last-modified': 'Fri, 04 Jul 2014 21:40:51 GMT',
23 silly registry.get     'cache-control': 'max-age=30',
23 silly registry.get     etag: '"AQKGWFKNRZ3M1NFSEJ6UZTCOF"',
23 silly registry.get     'x-served-by': 'cache-fra1227-FRA',
23 silly registry.get     'x-cache': 'HIT',
23 silly registry.get     'x-cache-hits': '1',
23 silly registry.get     'x-timer': 'S1404510050.964632,VS0,VE172',
23 silly registry.get     vary: 'Accept',
23 silly registry.get     'content-length': '0',
23 silly registry.get     'keep-alive': 'timeout=10, max=50',
23 silly registry.get     connection: 'Keep-Alive' } ]
24 verbose etag nib from cache
25 silly addNameRange number 2 { name: 'nib', range: '*', hasData: true }
26 silly addNameRange versions [ 'nib',
26 silly addNameRange   [ '0.0.1',
26 silly addNameRange     '0.0.2',
26 silly addNameRange     '0.0.3',
26 silly addNameRange     '0.0.4',
26 silly addNameRange     '0.0.5',
26 silly addNameRange     '0.0.6',
26 silly addNameRange     '0.0.7',
26 silly addNameRange     '0.0.8',
26 silly addNameRange     '0.1.0',
26 silly addNameRange     '0.2.0',
26 silly addNameRange     '0.3.0',
26 silly addNameRange     '0.3.1',
26 silly addNameRange     '0.3.2',
26 silly addNameRange     '0.4.0',
26 silly addNameRange     '0.4.1',
26 silly addNameRange     '0.5.0',
26 silly addNameRange     '0.6.0',
26 silly addNameRange     '0.7.0',
26 silly addNameRange     '0.7.1',
26 silly addNameRange     '0.8.1',
26 silly addNameRange     '0.8.2',
26 silly addNameRange     '0.9.0',
26 silly addNameRange     '0.9.1',
26 silly addNameRange     '0.9.2',
26 silly addNameRange     '1.0.0',
26 silly addNameRange     '1.0.1',
26 silly addNameRange     '1.0.2',
26 silly addNameRange     '1.0.3' ] ]
27 verbose addNamed [ 'nib', '1.0.3' ]
28 verbose addNamed [ '1.0.3', '1.0.3' ]
29 silly lockFile 54883c30-nib-1-0-3 nib@1.0.3
30 verbose lock nib@1.0.3 /Users/DAC/.npm/54883c30-nib-1-0-3.lock
31 silly lockFile 54883c30-nib-1-0-3 nib@1.0.3
32 silly lockFile 54883c30-nib-1-0-3 nib@1.0.3
33 silly lockFile 30a48e40-nib nib@
34 silly lockFile 30a48e40-nib nib@
35 silly resolved [ { name: 'nib',
35 silly resolved     description: 'Stylus mixins and utilities',
35 silly resolved     version: '1.0.3',
35 silly resolved     license: 'MIT',
35 silly resolved     repository: { type: 'git', url: 'git://github.com/visionmedia/nib.git' },
35 silly resolved     dependencies: { stylus: '~0.37.0' },
35 silly resolved     devDependencies: { connect: '1.x', jade: '0.22.0', mocha: '*', should: '*' },
35 silly resolved     author: { name: 'TJ Holowaychuk', email: 'tj@vision-media.ca' },
35 silly resolved     main: 'lib/nib.js',
35 silly resolved     engines: { node: '*' },
35 silly resolved     scripts: { test: 'mocha', 'test-server': 'node test/server.js' },
35 silly resolved     bugs: { url: 'https://github.com/visionmedia/nib/issues' },
35 silly resolved     homepage: 'https://github.com/visionmedia/nib',
35 silly resolved     _id: 'nib@1.0.3',
35 silly resolved     _shasum: 'ed0a67b9a51dea4a21e3bb8ac6164a3bcbf3befe',
35 silly resolved     _from: 'nib@',
35 silly resolved     _npmVersion: '1.4.9',
35 silly resolved     _npmUser: { name: 'slang800', email: 'slang800@gmail.com' },
35 silly resolved     maintainers: [ [Object], [Object] ],
35 silly resolved     dist:
35 silly resolved      { shasum: 'ed0a67b9a51dea4a21e3bb8ac6164a3bcbf3befe',
35 silly resolved        tarball: 'http://registry.npmjs.org/nib/-/nib-1.0.3.tgz' },
35 silly resolved     directories: {},
35 silly resolved     _resolved: 'https://registry.npmjs.org/nib/-/nib-1.0.3.tgz',
35 silly resolved     readme: 'ERROR: No README data found!' } ]
36 info install nib@1.0.3 into /Users/DAC/mejorandola/FrontendPro/stylus-test
37 info installOne nib@1.0.3
38 info /Users/DAC/mejorandola/FrontendPro/stylus-test/node_modules/nib unbuild
39 verbose tar unpack /Users/DAC/.npm/nib/1.0.3/package.tgz
40 silly lockFile b408d224-Pro-stylus-test-node-modules-nib tar:///Users/DAC/mejorandola/FrontendPro/stylus-test/node_modules/nib
41 verbose lock tar:///Users/DAC/mejorandola/FrontendPro/stylus-test/node_modules/nib /Users/DAC/.npm/b408d224-Pro-stylus-test-node-modules-nib.lock
42 silly lockFile a248869f-rs-DAC-npm-nib-1-0-3-package-tgz tar:///Users/DAC/.npm/nib/1.0.3/package.tgz
43 verbose lock tar:///Users/DAC/.npm/nib/1.0.3/package.tgz /Users/DAC/.npm/a248869f-rs-DAC-npm-nib-1-0-3-package-tgz.lock
44 silly gunzTarPerm modes [ '755', '644' ]
45 silly gunzTarPerm extractEntry package.json
46 silly gunzTarPerm modified mode [ 'package.json', 436, 420 ]
47 silly gunzTarPerm extractEntry .npmignore
48 silly gunzTarPerm modified mode [ '.npmignore', 436, 420 ]
49 silly gunzTarPerm extractEntry LICENSE
50 silly gunzTarPerm modified mode [ 'LICENSE', 436, 420 ]
51 silly gunzTarPerm extractEntry iconic/demo.html
52 silly gunzTarPerm modified mode [ 'iconic/demo.html', 436, 420 ]
53 silly gunzTarPerm extractEntry iconic/iconic.css
54 silly gunzTarPerm modified mode [ 'iconic/iconic.css', 436, 420 ]
55 silly gunzTarPerm extractEntry iconic/iconic_stroke.eot
56 silly gunzTarPerm modified mode [ 'iconic/iconic_stroke.eot', 436, 420 ]
57 silly gunzTarPerm extractEntry iconic/iconic_stroke.otf
58 silly gunzTarPerm modified mode [ 'iconic/iconic_stroke.otf', 436, 420 ]
59 silly gunzTarPerm extractEntry iconic/iconic_stroke.svg
60 silly gunzTarPerm modified mode [ 'iconic/iconic_stroke.svg', 436, 420 ]
61 silly gunzTarPerm extractEntry iconic/iconic_stroke.ttf
62 silly gunzTarPerm modified mode [ 'iconic/iconic_stroke.ttf', 436, 420 ]
63 silly gunzTarPerm extractEntry Readme.md
64 silly gunzTarPerm modified mode [ 'Readme.md', 436, 420 ]
65 silly gunzTarPerm extractEntry .travis.yml
66 silly gunzTarPerm modified mode [ '.travis.yml', 436, 420 ]
67 silly gunzTarPerm extractEntry index.styl
68 silly gunzTarPerm modified mode [ 'index.styl', 436, 420 ]
69 silly gunzTarPerm extractEntry lib/nib.js
70 silly gunzTarPerm extractEntry lib/nib/image.styl
71 silly gunzTarPerm modified mode [ 'lib/nib/image.styl', 436, 420 ]
72 silly gunzTarPerm extractEntry lib/nib/border.styl
73 silly gunzTarPerm modified mode [ 'lib/nib/border.styl', 436, 420 ]
74 silly gunzTarPerm extractEntry lib/nib/color-image.styl
75 silly gunzTarPerm modified mode [ 'lib/nib/color-image.styl', 436, 420 ]
76 silly gunzTarPerm extractEntry lib/nib/config.styl
77 silly gunzTarPerm modified mode [ 'lib/nib/config.styl', 436, 420 ]
78 silly gunzTarPerm extractEntry lib/nib/flex.styl
79 silly gunzTarPerm extractEntry lib/nib/gradients.styl
80 silly gunzTarPerm extractEntry lib/nib/iconic.styl
81 silly gunzTarPerm modified mode [ 'lib/nib/iconic.styl', 436, 420 ]
82 silly gunzTarPerm extractEntry lib/nib/clearfix.styl
83 silly gunzTarPerm modified mode [ 'lib/nib/clearfix.styl', 436, 420 ]
84 silly gunzTarPerm extractEntry lib/nib/index.styl
85 silly gunzTarPerm extractEntry lib/nib/overflow.styl
86 silly gunzTarPerm modified mode [ 'lib/nib/overflow.styl', 436, 420 ]
87 silly gunzTarPerm extractEntry lib/nib/positions.styl
88 silly gunzTarPerm extractEntry lib/nib/reset.styl
89 silly gunzTarPerm modified mode [ 'lib/nib/reset.styl', 436, 420 ]
90 silly gunzTarPerm extractEntry lib/nib/size.styl
91 silly gunzTarPerm extractEntry lib/nib/text/aliases.styl
92 silly gunzTarPerm modified mode [ 'lib/nib/text/aliases.styl', 436, 420 ]
93 silly gunzTarPerm extractEntry lib/nib/text/ellipsis.styl
94 silly gunzTarPerm modified mode [ 'lib/nib/text/ellipsis.styl', 436, 420 ]
95 silly gunzTarPerm extractEntry lib/nib/text/hide-text.styl
96 silly gunzTarPerm modified mode [ 'lib/nib/text/hide-text.styl', 436, 420 ]
97 silly gunzTarPerm extractEntry lib/nib/text/index.styl
98 silly gunzTarPerm modified mode [ 'lib/nib/text/index.styl', 436, 420 ]
99 silly gunzTarPerm extractEntry lib/nib/text/replace-text.styl
100 silly gunzTarPerm modified mode [ 'lib/nib/text/replace-text.styl', 436, 420 ]
101 silly gunzTarPerm extractEntry lib/nib/text/shadow-stroke.styl
102 silly gunzTarPerm modified mode [ 'lib/nib/text/shadow-stroke.styl', 436, 420 ]
103 silly gunzTarPerm extractEntry lib/nib/vendor.styl
104 silly gunzTarPerm modified mode [ 'lib/nib/vendor.styl', 436, 420 ]
105 silly gunzTarPerm extractEntry lib/nodes/color-image.js
106 silly gunzTarPerm modified mode [ 'lib/nodes/color-image.js', 436, 420 ]
107 silly gunzTarPerm extractEntry lib/nodes/gradient.js
108 silly gunzTarPerm modified mode [ 'lib/nodes/gradient.js', 436, 420 ]
109 silly gunzTarPerm extractEntry lib/nodes/vendor-helpers.js
110 silly gunzTarPerm modified mode [ 'lib/nodes/vendor-helpers.js', 436, 420 ]
111 silly lockFile b408d224-Pro-stylus-test-node-modules-nib tar:///Users/DAC/mejorandola/FrontendPro/stylus-test/node_modules/nib
112 silly lockFile b408d224-Pro-stylus-test-node-modules-nib tar:///Users/DAC/mejorandola/FrontendPro/stylus-test/node_modules/nib
113 silly lockFile a248869f-rs-DAC-npm-nib-1-0-3-package-tgz tar:///Users/DAC/.npm/nib/1.0.3/package.tgz
114 silly lockFile a248869f-rs-DAC-npm-nib-1-0-3-package-tgz tar:///Users/DAC/.npm/nib/1.0.3/package.tgz
115 info preinstall nib@1.0.3
116 verbose readDependencies using package.json deps
117 verbose readDependencies using package.json deps
118 verbose cache add [ 'stylus@~0.37.0', null ]
119 verbose cache add name=undefined spec="stylus@~0.37.0" args=["stylus@~0.37.0",null]
120 verbose parsed url { protocol: null,
120 verbose parsed url   slashes: null,
120 verbose parsed url   auth: null,
120 verbose parsed url   host: null,
120 verbose parsed url   port: null,
120 verbose parsed url   hostname: null,
120 verbose parsed url   hash: null,
120 verbose parsed url   search: null,
120 verbose parsed url   query: null,
120 verbose parsed url   pathname: 'stylus@~0.37.0',
120 verbose parsed url   path: 'stylus@~0.37.0',
120 verbose parsed url   href: 'stylus@~0.37.0' }
121 verbose cache add name="stylus" spec="~0.37.0" args=["stylus","~0.37.0"]
122 verbose parsed url { protocol: null,
122 verbose parsed url   slashes: null,
122 verbose parsed url   auth: null,
122 verbose parsed url   host: null,
122 verbose parsed url   port: null,
122 verbose parsed url   hostname: null,
122 verbose parsed url   hash: null,
122 verbose parsed url   search: null,
122 verbose parsed url   query: null,
122 verbose parsed url   pathname: '~0.37.0',
122 verbose parsed url   path: '~0.37.0',
122 verbose parsed url   href: '~0.37.0' }
123 verbose addNamed [ 'stylus', '~0.37.0' ]
124 verbose addNamed [ null, '>=0.37.0-0 <0.38.0-0' ]
125 silly lockFile 4eedf520-stylus-0-37-0 stylus@~0.37.0
126 verbose lock stylus@~0.37.0 /Users/DAC/.npm/4eedf520-stylus-0-37-0.lock
127 silly addNameRange { name: 'stylus', range: '>=0.37.0-0 <0.38.0-0', hasData: false }
128 verbose url raw stylus
129 verbose url resolving [ 'https://registry.npmjs.org/', './stylus' ]
130 verbose url resolved https://registry.npmjs.org/stylus
131 info trying registry request attempt 1 at 23:40:51
132 verbose etag "CVXY9A64NFO09ACOQUIFBSRVG"
133 http GET https://registry.npmjs.org/stylus
134 http 304 https://registry.npmjs.org/stylus
135 silly registry.get cb [ 304,
135 silly registry.get   { date: 'Fri, 04 Jul 2014 21:40:51 GMT',
135 silly registry.get     server: 'Apache',
135 silly registry.get     via: '1.1 varnish',
135 silly registry.get     'last-modified': 'Fri, 04 Jul 2014 21:40:51 GMT',
135 silly registry.get     'cache-control': 'max-age=30',
135 silly registry.get     etag: '"CVXY9A64NFO09ACOQUIFBSRVG"',
135 silly registry.get     'x-served-by': 'cache-fra1225-FRA',
135 silly registry.get     'x-cache': 'HIT',
135 silly registry.get     'x-cache-hits': '1',
135 silly registry.get     'x-timer': 'S1404510051.599597,VS0,VE100',
135 silly registry.get     vary: 'Accept',
135 silly registry.get     'content-length': '0',
135 silly registry.get     'keep-alive': 'timeout=10, max=50',
135 silly registry.get     connection: 'Keep-Alive' } ]
136 verbose etag stylus from cache
137 silly addNameRange number 2 { name: 'stylus', range: '>=0.37.0-0 <0.38.0-0', hasData: true }
138 silly addNameRange versions [ 'stylus',
138 silly addNameRange   [ '0.0.1',
138 silly addNameRange     '0.0.2',
138 silly addNameRange     '0.1.0',
138 silly addNameRange     '0.2.0',
138 silly addNameRange     '0.2.1',
138 silly addNameRange     '0.3.0',
138 silly addNameRange     '0.3.1',
138 silly addNameRange     '0.4.0',
138 silly addNameRange     '0.4.1',
138 silly addNameRange     '0.5.0',
138 silly addNameRange     '0.5.1',
138 silly addNameRange     '0.5.2',
138 silly addNameRange     '0.5.3',
138 silly addNameRange     '0.6.0',
138 silly addNameRange     '0.6.2',
138 silly addNameRange     '0.6.3',
138 silly addNameRange     '0.6.4',
138 silly addNameRange     '0.6.5',
138 silly addNameRange     '0.6.6',
138 silly addNameRange     '0.6.7',
138 silly addNameRange     '0.7.0',
138 silly addNameRange     '0.7.1',
138 silly addNameRange     '0.7.2',
138 silly addNameRange     '0.7.3',
138 silly addNameRange     '0.7.4',
138 silly addNameRange     '0.8.0',
138 silly addNameRange     '0.9.0',
138 silly addNameRange     '0.9.1',
138 silly addNameRange     '0.9.2',
138 silly addNameRange     '0.10.0',
138 silly addNameRange     '0.11.0',
138 silly addNameRange     '0.11.1',
138 silly addNameRange     '0.11.2',
138 silly addNameRange     '0.11.3',
138 silly addNameRange     '0.11.4',
138 silly addNameRange     '0.11.5',
138 silly addNameRange     '0.11.6',
138 silly addNameRange     '0.11.7',
138 silly addNameRange     '0.11.8',
138 silly addNameRange     '0.11.9',
138 silly addNameRange     '0.11.10',
138 silly addNameRange     '0.11.11',
138 silly addNameRange     '0.11.12',
138 silly addNameRange     '0.12.0',
138 silly addNameRange     '0.12.1',
138 silly addNameRange     '0.12.2',
138 silly addNameRange     '0.12.3',
138 silly addNameRange     '0.12.4',
138 silly addNameRange     '0.13.0',
138 silly addNameRange     '0.13.1',
138 silly addNameRange     '0.13.2',
138 silly addNameRange     '0.13.3',
138 silly addNameRange     '0.13.4',
138 silly addNameRange     '0.13.5',
138 silly addNameRange     '0.13.6',
138 silly addNameRange     '0.13.7',
138 silly addNameRange     '0.13.8',
138 silly addNameRange     '0.13.9',
138 silly addNameRange     '0.14.0',
138 silly addNameRange     '0.15.0',
138 silly addNameRange     '0.15.1',
138 silly addNameRange     '0.15.2',
138 silly addNameRange     '0.15.3',
138 silly addNameRange     '0.15.4',
138 silly addNameRange     '0.16.0',
138 silly addNameRange     '0.17.0',
138 silly addNameRange     '0.18.0',
138 silly addNameRange     '0.19.0',
138 silly addNameRange     '0.19.1',
138 silly addNameRange     '0.19.2',
138 silly addNameRange     '0.19.3',
138 silly addNameRange     '0.19.4',
138 silly addNameRange     '0.19.5',
138 silly addNameRange     '0.19.6',
138 silly addNameRange     '0.19.7',
138 silly addNameRange     '0.19.8',
138 silly addNameRange     '0.20.0',
138 silly addNameRange     '0.20.1',
138 silly addNameRange     '0.21.0',
138 silly addNameRange     '0.21.1',
138 silly addNameRange     '0.21.2',
138 silly addNameRange     '0.22.0',
138 silly addNameRange     '0.22.1',
138 silly addNameRange     '0.22.2',
138 silly addNameRange     '0.22.3',
138 silly addNameRange     '0.22.4',
138 silly addNameRange     '0.22.5',
138 silly addNameRange     '0.22.6',
138 silly addNameRange     '0.23.0',
138 silly addNameRange     '0.24.0',
138 silly addNameRange     '0.25.0',
138 silly addNameRange     '0.26.0',
138 silly addNameRange     '0.26.1',
138 silly addNameRange     '0.27.0',
138 silly addNameRange     '0.27.1',
138 silly addNameRange     '0.27.2',
138 silly addNameRange     '0.28.0',
138 silly addNameRange     '0.28.1',
138 silly addNameRange     '0.28.2',
138 silly addNameRange     '0.29.0',
138 silly addNameRange     '0.30.0',
138 silly addNameRange     '0.30.1',
138 silly addNameRange     '0.31.0',
138 silly addNameRange     '0.32.0',
138 silly addNameRange     '0.32.1',
138 silly addNameRange     '0.33.0',
138 silly addNameRange     '0.33.1',
138 silly addNameRange     '0.34.0',
138 silly addNameRange     '0.34.1',
138 silly addNameRange     '0.35.0',
138 silly addNameRange     '0.35.1',
138 silly addNameRange     '0.36.0',
138 silly addNameRange     '0.36.1',
138 silly addNameRange     '0.37.0',
138 silly addNameRange     '0.38.0',
138 silly addNameRange     '0.39.0',
138 silly addNameRange     '0.39.1',
138 silly addNameRange     '0.39.2',
138 silly addNameRange     '0.39.3',
138 silly addNameRange     '0.39.4',
138 silly addNameRange     '0.40.0',
138 silly addNameRange     '0.40.1',
138 silly addNameRange     '0.40.2',
138 silly addNameRange     '0.40.3',
138 silly addNameRange     '0.41.0',
138 silly addNameRange     '0.41.1',
138 silly addNameRange     '0.41.2',
138 silly addNameRange     '0.41.3',
138 silly addNameRange     '0.42.0',
138 silly addNameRange     '0.42.1',
138 silly addNameRange     '0.42.2',
138 silly addNameRange     '0.42.3',
138 silly addNameRange     '0.43.0',
138 silly addNameRange     '0.44.0-beta',
138 silly addNameRange     '0.43.1',
138 silly addNameRange     '0.44.0-beta2',
138 silly addNameRange     '0.44.0-beta3',
138 silly addNameRange     '0.44.0',
138 silly addNameRange     '0.45.0',
138 silly addNameRange     '0.45.1',
138 silly addNameRange     '0.46.0',
138 silly addNameRange     '0.46.1',
138 silly addNameRange     '0.46.2',
138 silly addNameRange     '0.46.3',
138 silly addNameRange     '0.47.0',
138 silly addNameRange     '0.47.1' ] ]
139 verbose addNamed [ 'stylus', '0.37.0' ]
140 verbose addNamed [ '0.37.0', '0.37.0' ]
141 silly lockFile 7cbfd9bc-stylus-0-37-0 stylus@0.37.0
142 verbose lock stylus@0.37.0 /Users/DAC/.npm/7cbfd9bc-stylus-0-37-0.lock
143 silly lockFile df59a14e-mjs-org-stylus-stylus-0-37-0-tgz https://registry.npmjs.org/stylus/-/stylus-0.37.0.tgz
144 verbose lock https://registry.npmjs.org/stylus/-/stylus-0.37.0.tgz /Users/DAC/.npm/df59a14e-mjs-org-stylus-stylus-0-37-0-tgz.lock
145 verbose addRemoteTarball [ 'https://registry.npmjs.org/stylus/-/stylus-0.37.0.tgz',
145 verbose addRemoteTarball   '3f18ba693960e3408e2951b4a22e337c33d239d8' ]
146 info retry fetch attempt 1 at 23:40:51
147 verbose fetch to= /var/folders/jq/6htjj55d14v6w7w19v0s3p9c0000gn/T/npm-5454-TD9sbHPv/registry.npmjs.org/stylus/-/stylus-0.37.0.tgz
148 http GET https://registry.npmjs.org/stylus/-/stylus-0.37.0.tgz
149 http 200 https://registry.npmjs.org/stylus/-/stylus-0.37.0.tgz
150 silly lockFile df59a14e-mjs-org-stylus-stylus-0-37-0-tgz https://registry.npmjs.org/stylus/-/stylus-0.37.0.tgz
151 silly lockFile df59a14e-mjs-org-stylus-stylus-0-37-0-tgz https://registry.npmjs.org/stylus/-/stylus-0.37.0.tgz
152 silly lockFile 7cbfd9bc-stylus-0-37-0 stylus@0.37.0
153 silly lockFile 7cbfd9bc-stylus-0-37-0 stylus@0.37.0
154 silly lockFile 4eedf520-stylus-0-37-0 stylus@~0.37.0
155 silly lockFile 4eedf520-stylus-0-37-0 stylus@~0.37.0
156 verbose about to build /Users/DAC/mejorandola/FrontendPro/stylus-test/node_modules/nib
157 info /Users/DAC/mejorandola/FrontendPro/stylus-test/node_modules/nib unbuild
158 info preuninstall nib@1.0.3
159 info uninstall nib@1.0.3
160 verbose true,/Users/DAC/mejorandola/FrontendPro/stylus-test/node_modules,/Users/DAC/mejorandola/FrontendPro/stylus-test/node_modules unbuild nib@1.0.3
161 info postuninstall nib@1.0.3
162 error Error: EACCES, mkdir '/Users/DAC/.npm/stylus/0.37.0'
162 error  { [Error: EACCES, mkdir '/Users/DAC/.npm/stylus/0.37.0']
162 error   errno: 3,
162 error   code: 'EACCES',
162 error   path: '/Users/DAC/.npm/stylus/0.37.0',
162 error   parent: 'nib' }
163 error Please try running this command again as root/Administrator.
164 error System Darwin 14.0.0
165 error command "node" "/usr/local/bin/npm" "install" "nib"
166 error cwd /Users/DAC/mejorandola/FrontendPro/stylus-test
167 error node -v v0.10.29
168 error npm -v 1.4.14
169 error path /Users/DAC/.npm/stylus/0.37.0
170 error code EACCES
171 error errno 3
172 error stack Error: EACCES, mkdir '/Users/DAC/.npm/stylus/0.37.0'
173 verbose exit [ 3, true ]
